INFO  | 2020-10-05 14:17:06 | [main] userregistration.UserRegistration (UserRegistration.java:12) - Hello World
INFO  | 2020-10-05 14:44:25 | [main] userregistration.UserRegistration (UserRegistration.java:16) - First Name: 
INFO  | 2020-10-05 14:44:36 | [main] userregistration.UserRegistration (UserRegistration.java:20) - Valid First Name
INFO  | 2020-10-05 14:44:42 | [main] userregistration.UserRegistration (UserRegistration.java:16) - First Name: 
INFO  | 2020-10-05 14:44:46 | [main] userregistration.UserRegistration (UserRegistration.java:22) - Invalid First Name
INFO  | 2020-10-05 14:44:52 | [main] userregistration.UserRegistration (UserRegistration.java:16) - First Name: 
INFO  | 2020-10-05 14:44:54 | [main] userregistration.UserRegistration (UserRegistration.java:22) - Invalid First Name
INFO  | 2020-10-05 14:44:58 | [main] userregistration.UserRegistration (UserRegistration.java:16) - First Name: 
INFO  | 2020-10-05 14:44:59 | [main] userregistration.UserRegistration (UserRegistration.java:22) - Invalid First Name
INFO  | 2020-10-05 14:47:39 | [main] userregistration.UserRegistration (UserRegistration.java:16) - First Name: 
INFO  | 2020-10-05 14:47:45 | [main] userregistration.UserRegistration (UserRegistration.java:22) - Invalid First Name
INFO  | 2020-10-05 14:47:49 | [main] userregistration.UserRegistration (UserRegistration.java:16) - First Name: 
INFO  | 2020-10-05 14:47:50 | [main] userregistration.UserRegistration (UserRegistration.java:20) - Valid First Name
INFO  | 2020-10-05 14:47:53 | [main] userregistration.UserRegistration (UserRegistration.java:16) - First Name: 
INFO  | 2020-10-05 14:47:53 | [main] userregistration.UserRegistration (UserRegistration.java:22) - Invalid First Name
INFO  | 2020-10-05 14:58:45 | [main] userregistration.UserRegistration (UserRegistration.java:22) - First Name: 
INFO  | 2020-10-05 14:58:51 | [main] userregistration.UserRegistration (UserRegistration.java:25) - Valid First Name
INFO  | 2020-10-05 14:58:51 | [main] userregistration.UserRegistration (UserRegistration.java:29) - Last Name: 
INFO  | 2020-10-05 14:58:55 | [main] userregistration.UserRegistration (UserRegistration.java:32) - Valid Last Name
INFO  | 2020-10-05 15:05:36 | [main] userregistration.UserRegistration (UserRegistration.java:26) - First Name: 
INFO  | 2020-10-05 15:05:50 | [main] userregistration.UserRegistration (UserRegistration.java:26) - First Name: 
INFO  | 2020-10-05 15:05:56 | [main] userregistration.UserRegistration (UserRegistration.java:29) - Valid First Name
INFO  | 2020-10-05 15:05:56 | [main] userregistration.UserRegistration (UserRegistration.java:33) - Last Name: 
INFO  | 2020-10-05 15:06:01 | [main] userregistration.UserRegistration (UserRegistration.java:36) - Valid Last Name
INFO  | 2020-10-05 15:06:01 | [main] userregistration.UserRegistration (UserRegistration.java:40) - Email ID: 
INFO  | 2020-10-05 15:06:07 | [main] userregistration.UserRegistration (UserRegistration.java:43) - Valid Email Id
INFO  | 2020-10-05 15:06:15 | [main] userregistration.UserRegistration (UserRegistration.java:26) - First Name: 
INFO  | 2020-10-05 15:06:17 | [main] userregistration.UserRegistration (UserRegistration.java:29) - Valid First Name
INFO  | 2020-10-05 15:06:17 | [main] userregistration.UserRegistration (UserRegistration.java:33) - Last Name: 
INFO  | 2020-10-05 15:06:20 | [main] userregistration.UserRegistration (UserRegistration.java:36) - Valid Last Name
INFO  | 2020-10-05 15:06:20 | [main] userregistration.UserRegistration (UserRegistration.java:40) - Email ID: 
INFO  | 2020-10-05 15:06:26 | [main] userregistration.UserRegistration (UserRegistration.java:45) - Invalid Email Id
INFO  | 2020-10-05 15:12:28 | [main] userregistration.UserRegistration (UserRegistration.java:30) - First Name: 
INFO  | 2020-10-05 15:12:35 | [main] userregistration.UserRegistration (UserRegistration.java:33) - Valid First Name
INFO  | 2020-10-05 15:12:35 | [main] userregistration.UserRegistration (UserRegistration.java:37) - Last Name: 
INFO  | 2020-10-05 15:12:37 | [main] userregistration.UserRegistration (UserRegistration.java:40) - Valid Last Name
INFO  | 2020-10-05 15:12:37 | [main] userregistration.UserRegistration (UserRegistration.java:44) - Email ID: 
INFO  | 2020-10-05 15:12:43 | [main] userregistration.UserRegistration (UserRegistration.java:47) - Valid Email Id
INFO  | 2020-10-05 15:12:43 | [main] userregistration.UserRegistration (UserRegistration.java:51) - Mobile No: 
INFO  | 2020-10-05 15:12:50 | [main] userregistration.UserRegistration (UserRegistration.java:56) - Invalid Mobile No
INFO  | 2020-10-05 15:12:52 | [main] userregistration.UserRegistration (UserRegistration.java:30) - First Name: 
INFO  | 2020-10-05 15:12:55 | [main] userregistration.UserRegistration (UserRegistration.java:33) - Valid First Name
INFO  | 2020-10-05 15:12:55 | [main] userregistration.UserRegistration (UserRegistration.java:37) - Last Name: 
INFO  | 2020-10-05 15:12:58 | [main] userregistration.UserRegistration (UserRegistration.java:40) - Valid Last Name
INFO  | 2020-10-05 15:12:58 | [main] userregistration.UserRegistration (UserRegistration.java:44) - Email ID: 
INFO  | 2020-10-05 15:13:03 | [main] userregistration.UserRegistration (UserRegistration.java:47) - Valid Email Id
INFO  | 2020-10-05 15:13:03 | [main] userregistration.UserRegistration (UserRegistration.java:51) - Mobile No: 
INFO  | 2020-10-05 15:13:07 | [main] userregistration.UserRegistration (UserRegistration.java:54) - Valid Mobile No
